[+] Containers:
 |- [+] Container: /Game/Maps/Lago_Hylia
 |   |- [+] ActorDescs:
 |   |   |- Guid:006DCE414FF7132FCC6DC6A6A85CBD3C BaseClass: NativeClass:/Script/Engine.SkyAtmosphere Name:SkyAtmosphere_UAID_D493900F152B383402_2144226267 Label:SkyAtmosphere SpatiallyLoaded:0 Bounds:IsValid=true, Min=(X=0.000 Y=0.000 Z=0.000), Max=(X=0.000 Y=0.000 Z=0.000) RuntimeGrid:None EditorOnly:0 RuntimeOnly:0 HLODRelevant:0 ListedInSceneOutliner:1 IsMainWorldOnly:0
 |   |   |- Guid:07D2C0104D0F1893F92F9D9547B249CA BaseClass: NativeClass:/Script/Landscape.LandscapeStreamingProxy Name:LandscapeStreamingProxy_CP026JJ5H09QHCWF4PCBPZ0Z6_126_2_3_0 Label:LandscapeStreamingProxy_2_3_0 SpatiallyLoaded:1 Bounds:IsValid=true, Min=(X=0.000 Y=12600.000 Z=-1434.375), Max=(X=12600.000 Y=25200.000 Z=200.000) RuntimeGrid:None EditorOnly:0 RuntimeOnly:0 HLODRelevant:1 ListedInSceneOutliner:1 IsMainWorldOnly:0
 |   |   |- Guid:1A71B06E443006AD0D82AAAD1374F933 BaseClass: NativeClass:/Script/Engine.StaticMeshActor Name:StaticMeshActor_UAID_D493900F152B3A3402_1296690623 Label:Plane SpatiallyLoaded:1 Bounds:IsValid=true, Min=(X=-13566.059 Y=-11736.869 Z=-360.188), Max=(X=11433.941 Y=15263.131 Z=-360.188) RuntimeGrid:None EditorOnly:0 RuntimeOnly:0 HLODRelevant:1 ListedInSceneOutliner:1 IsMainWorldOnly:0
 |   |   |- Guid:27891887461520103605BCB76F9EA5EF BaseClass: NativeClass:/Script/Landscape.LandscapeStreamingProxy Name:LandscapeStreamingProxy_CP026JJ5H09QHCWF4PCBPZ0Z6_126_1_0_0 Label:LandscapeStreamingProxy_1_0_0 SpatiallyLoaded:1 Bounds:IsValid=true, Min=(X=-12600.000 Y=-25200.000 Z=-242.969), Max=(X=0.000 Y=-12600.000 Z=200.000) RuntimeGrid:None EditorOnly:0 RuntimeOnly:0 HLODRelevant:1 ListedInSceneOutliner:1 IsMainWorldOnly:0
 |   |   |- Guid:2C4A997A4D4EA2C231F4D5B8E22FFF17 BaseClass: NativeClass:/Script/Landscape.LandscapeStreamingProxy Name:LandscapeStreamingProxy_CP026JJ5H09QHCWF4PCBPZ0Z6_126_1_3_0 Label:LandscapeStreamingProxy_1_3_0 SpatiallyLoaded:1 Bounds:IsValid=true, Min=(X=-12600.000 Y=12600.000 Z=-1386.719), Max=(X=0.000 Y=25200.000 Z=200.000) RuntimeGrid:None EditorOnly:0 RuntimeOnly:0 HLODRelevant:1 ListedInSceneOutliner:1 IsMainWorldOnly:0
 |   |   |- Guid:390C2F9C4DD277B944BD849F5F3DD3F7 BaseClass: NativeClass:/Script/Landscape.LandscapeStreamingProxy Name:LandscapeStreamingProxy_CP026JJ5H09QHCWF4PCBPZ0Z6_126_3_0_0 Label:LandscapeStreamingProxy_3_0_0 SpatiallyLoaded:1 Bounds:IsValid=true, Min=(X=12600.000 Y=-25200.000 Z=0.000), Max=(X=25200.000 Y=-12600.000 Z=200.000) RuntimeGrid:None EditorOnly:0 RuntimeOnly:0 HLODRelevant:1 ListedInSceneOutliner:1 IsMainWorldOnly:0
 |   |   |- Guid:404F561742DA9FA502E808AFA2C42136 BaseClass: NativeClass:/Script/Engine.ExponentialHeightFog Name:ExponentialHeightFog_UAID_D493900F152B383402_2145697268 Label:ExponentialHeightFog SpatiallyLoaded:0 Bounds:IsValid=true, Min=(X=0.000 Y=0.000 Z=0.000), Max=(X=0.000 Y=0.000 Z=0.000) RuntimeGrid:None EditorOnly:0 RuntimeOnly:0 HLODRelevant:0 ListedInSceneOutliner:1 IsMainWorldOnly:0
 |   |   |- Guid:4E6AB90D4B91F99E8BEB06B96CAC1878 BaseClass: NativeClass:/Script/Landscape.LandscapeStreamingProxy Name:LandscapeStreamingProxy_CP026JJ5H09QHCWF4PCBPZ0Z6_126_0_3_0 Label:LandscapeStreamingProxy_0_3_0 SpatiallyLoaded:1 Bounds:IsValid=true, Min=(X=-25200.000 Y=12600.000 Z=0.000), Max=(X=-12600.000 Y=25200.000 Z=200.000) RuntimeGrid:None EditorOnly:0 RuntimeOnly:0 HLODRelevant:1 ListedInSceneOutliner:1 IsMainWorldOnly:0
 |   |   |- Guid:4F5CE7534C7B4084841D1BAB4E30D5AC BaseClass: NativeClass:/Script/Landscape.LandscapeStreamingProxy Name:LandscapeStreamingProxy_CP026JJ5H09QHCWF4PCBPZ0Z6_126_0_1_0 Label:LandscapeStreamingProxy_0_1_0 SpatiallyLoaded:1 Bounds:IsValid=true, Min=(X=-25200.000 Y=-12600.000 Z=-214.062), Max=(X=-12600.000 Y=0.000 Z=200.000) RuntimeGrid:None EditorOnly:0 RuntimeOnly:0 HLODRelevant:1 ListedInSceneOutliner:1 IsMainWorldOnly:0
 |   |   |- Guid:526CC8A944C65427FFE612AF8EEDB431 BaseClass: NativeClass:/Script/Engine.VolumetricCloud Name:VolumetricCloud_UAID_D493900F152B383402_2143302266 Label:VolumetricCloud SpatiallyLoaded:0 Bounds:IsValid=true, Min=(X=0.000 Y=0.000 Z=0.000), Max=(X=0.000 Y=0.000 Z=0.000) RuntimeGrid:None EditorOnly:0 RuntimeOnly:0 HLODRelevant:0 ListedInSceneOutliner:1 IsMainWorldOnly:0
 |   |   |- Guid:5801B3514EF549EDC19CC38A3230606F BaseClass: NativeClass:/Script/Landscape.LandscapeStreamingProxy Name:LandscapeStreamingProxy_CP026JJ5H09QHCWF4PCBPZ0Z6_126_0_0_0 Label:LandscapeStreamingProxy_0_0_0 SpatiallyLoaded:1 Bounds:IsValid=true, Min=(X=-25200.000 Y=-25200.000 Z=0.000), Max=(X=-12600.000 Y=-12600.000 Z=200.000) RuntimeGrid:None EditorOnly:0 RuntimeOnly:0 HLODRelevant:1 ListedInSceneOutliner:1 IsMainWorldOnly:0
 |   |   |- Guid:59D77CD64167E3AD9C21BBB690C1DC48 BaseClass: NativeClass:/Script/Engine.PostProcessVolume Name:PostProcessVolume_UAID_D493900F152B393402_1134016445 Label:PostProcessVolume SpatiallyLoaded:0 Bounds:IsValid=true, Min=(X=820.000 Y=0.000 Z=-70.000), Max=(X=1020.000 Y=200.000 Z=130.000) RuntimeGrid:None EditorOnly:0 RuntimeOnly:0 HLODRelevant:0 ListedInSceneOutliner:1 IsMainWorldOnly:0
 |   |   |- Guid:5D94FC634AD0BFFB04A14CB3E7BF7B01 BaseClass: NativeClass:/Script/Engine.SkyLight Name:SkyLight_UAID_D493900F152B383402_2141184264 Label:SkyLight SpatiallyLoaded:0 Bounds:IsValid=true, Min=(X=0.000 Y=0.000 Z=0.000), Max=(X=0.000 Y=0.000 Z=0.000) RuntimeGrid:None EditorOnly:0 RuntimeOnly:0 HLODRelevant:0 ListedInSceneOutliner:1 IsMainWorldOnly:0
 |   |   |- Guid:616C783742C38CC174BFE6AA97CAC1ED BaseClass: NativeClass:/Script/Landscape.LandscapeStreamingProxy Name:LandscapeStreamingProxy_CP026JJ5H09QHCWF4PCBPZ0Z6_126_2_2_0 Label:LandscapeStreamingProxy_2_2_0 SpatiallyLoaded:1 Bounds:IsValid=true, Min=(X=0.000 Y=0.000 Z=-3796.094), Max=(X=12600.000 Y=12600.000 Z=100.000) RuntimeGrid:None EditorOnly:0 RuntimeOnly:0 HLODRelevant:1 ListedInSceneOutliner:1 IsMainWorldOnly:0
 |   |   |- Guid:6F4D3CAE4687381A434018A22E3CCC2B BaseClass: NativeClass:/Script/Landscape.LandscapeStreamingProxy Name:LandscapeStreamingProxy_CP026JJ5H09QHCWF4PCBPZ0Z6_126_1_1_0 Label:LandscapeStreamingProxy_1_1_0 SpatiallyLoaded:1 Bounds:IsValid=true, Min=(X=-12600.000 Y=-12600.000 Z=-4701.562), Max=(X=0.000 Y=0.000 Z=100.000) RuntimeGrid:None EditorOnly:0 RuntimeOnly:0 HLODRelevant:1 ListedInSceneOutliner:1 IsMainWorldOnly:0
 |   |   |- Guid:710B283B432F956032D70283D8F9429A BaseClass: NativeClass:/Script/Landscape.LandscapeStreamingProxy Name:LandscapeStreamingProxy_CP026JJ5H09QHCWF4PCBPZ0Z6_126_0_2_0 Label:LandscapeStreamingProxy_0_2_0 SpatiallyLoaded:1 Bounds:IsValid=true, Min=(X=-25200.000 Y=0.000 Z=-451.562), Max=(X=-12600.000 Y=12600.000 Z=200.000) RuntimeGrid:None EditorOnly:0 RuntimeOnly:0 HLODRelevant:1 ListedInSceneOutliner:1 IsMainWorldOnly:0
 |   |   |- Guid:7A287F0843B582454C0860A65F661387 BaseClass: NativeClass:/Script/Landscape.LandscapeStreamingProxy Name:LandscapeStreamingProxy_CP026JJ5H09QHCWF4PCBPZ0Z6_126_2_1_0 Label:LandscapeStreamingProxy_2_1_0 SpatiallyLoaded:1 Bounds:IsValid=true, Min=(X=0.000 Y=-12600.000 Z=-3749.219), Max=(X=12600.000 Y=0.000 Z=100.000) RuntimeGrid:None EditorOnly:0 RuntimeOnly:0 HLODRelevant:1 ListedInSceneOutliner:1 IsMainWorldOnly:0
 |   |   |- Guid:860C049648E3C1DCDE6F7182E5264E58 BaseClass: NativeClass:/Script/Landscape.LandscapeStreamingProxy Name:LandscapeStreamingProxy_CP026JJ5H09QHCWF4PCBPZ0Z6_126_1_2_0 Label:LandscapeStreamingProxy_1_2_0 SpatiallyLoaded:1 Bounds:IsValid=true, Min=(X=-12600.000 Y=0.000 Z=-3908.594), Max=(X=0.000 Y=12600.000 Z=100.000) RuntimeGrid:None EditorOnly:0 RuntimeOnly:0 HLODRelevant:1 ListedInSceneOutliner:1 IsMainWorldOnly:0
 |   |   |- Guid:9698FAE04D64D57E012FD1B227CA4497 BaseClass: NativeClass:/Script/Landscape.LandscapeStreamingProxy Name:LandscapeStreamingProxy_CP026JJ5H09QHCWF4PCBPZ0Z6_126_2_0_0 Label:LandscapeStreamingProxy_2_0_0 SpatiallyLoaded:1 Bounds:IsValid=true, Min=(X=0.000 Y=-25200.000 Z=0.000), Max=(X=12600.000 Y=-12600.000 Z=200.000) RuntimeGrid:None EditorOnly:0 RuntimeOnly:0 HLODRelevant:1 ListedInSceneOutliner:1 IsMainWorldOnly:0
 |   |   |- Guid:9DEA70C54143F9D0E8BE168D1D84786F BaseClass: NativeClass:/Script/Landscape.LandscapeStreamingProxy Name:LandscapeStreamingProxy_CP026JJ5H09QHCWF4PCBPZ0Z6_126_3_2_0 Label:LandscapeStreamingProxy_3_2_0 SpatiallyLoaded:1 Bounds:IsValid=true, Min=(X=12600.000 Y=0.000 Z=0.000), Max=(X=25200.000 Y=12600.000 Z=200.000) RuntimeGrid:None EditorOnly:0 RuntimeOnly:0 HLODRelevant:1 ListedInSceneOutliner:1 IsMainWorldOnly:0
 |   |   |- Guid:B853C11740F0221E3DF8E69D90F5ABFD BaseClass: NativeClass:/Script/Landscape.LandscapeStreamingProxy Name:LandscapeStreamingProxy_CP026JJ5H09QHCWF4PCBPZ0Z6_126_3_3_0 Label:LandscapeStreamingProxy_3_3_0 SpatiallyLoaded:1 Bounds:IsValid=true, Min=(X=12600.000 Y=12600.000 Z=0.000), Max=(X=25200.000 Y=25200.000 Z=200.000) RuntimeGrid:None EditorOnly:0 RuntimeOnly:0 HLODRelevant:1 ListedInSceneOutliner:1 IsMainWorldOnly:0
 |   |   |- Guid:C54DEB414A334D81732F64BE846BFDC4 BaseClass: NativeClass:/Script/Engine.WorldDataLayers Name:WorldDataLayers Label:WorldDataLayers SpatiallyLoaded:0 Bounds:Invalid RuntimeGrid:None EditorOnly:0 RuntimeOnly:0 HLODRelevant:0 ListedInSceneOutliner:1 IsMainWorldOnly:1
 |   |   |- Guid:DC3A3A114A9B2E4A81B9DDA864D65607 BaseClass: NativeClass:/Script/Engine.DirectionalLight Name:DirectionalLight_UAID_D493900F152B383402_2142104265 Label:DirectionalLight SpatiallyLoaded:0 Bounds:IsValid=true, Min=(X=-4398046511104.000 Y=-4398046511104.000 Z=-4398046511104.000), Max=(X=4398046511104.000 Y=4398046511104.000 Z=4398046511104.000) RuntimeGrid:None EditorOnly:0 RuntimeOnly:0 HLODRelevant:0 ListedInSceneOutliner:1 IsMainWorldOnly:0
 |   |   |- Guid:DE287E32483116C6FA38648BDDE07776 BaseClass: NativeClass:/Script/Landscape.Landscape Name:Landscape_UAID_D493900F152B393402_1324277446 Label:Landscape SpatiallyLoaded:0 Bounds:IsValid=true, Min=(X=-25200.000 Y=-25200.000 Z=100.000), Max=(X=-25200.000 Y=-25200.000 Z=100.000) RuntimeGrid:None EditorOnly:0 RuntimeOnly:0 HLODRelevant:0 ListedInSceneOutliner:1 IsMainWorldOnly:0
 |   |   |- Guid:F85F677346DB65651E85C28041F7A9F4 BaseClass: NativeClass:/Script/Landscape.LandscapeStreamingProxy Name:LandscapeStreamingProxy_CP026JJ5H09QHCWF4PCBPZ0Z6_126_3_1_0 Label:LandscapeStreamingProxy_3_1_0 SpatiallyLoaded:1 Bounds:IsValid=true, Min=(X=12600.000 Y=-12600.000 Z=0.000), Max=(X=25200.000 Y=0.000 Z=200.000) RuntimeGrid:None EditorOnly:0 RuntimeOnly:0 HLODRelevant:1 ListedInSceneOutliner:1 IsMainWorldOnly:0
 |   |- [+] Clusters:
 |   |   |- [+] [  0]
 |   |   |   |- Guid:006DCE414FF7132FCC6DC6A6A85CBD3C BaseClass: NativeClass:/Script/Engine.SkyAtmosphere Name:SkyAtmosphere_UAID_D493900F152B383402_2144226267 Label:SkyAtmosphere SpatiallyLoaded:0 Bounds:IsValid=true, Min=(X=0.000 Y=0.000 Z=0.000), Max=(X=0.000 Y=0.000 Z=0.000) RuntimeGrid:None EditorOnly:0 RuntimeOnly:0 HLODRelevant:0 ListedInSceneOutliner:1 IsMainWorldOnly:0
 |   |   |- [+] [  1]
 |   |   |   |- Guid:07D2C0104D0F1893F92F9D9547B249CA BaseClass: NativeClass:/Script/Landscape.LandscapeStreamingProxy Name:LandscapeStreamingProxy_CP026JJ5H09QHCWF4PCBPZ0Z6_126_2_3_0 Label:LandscapeStreamingProxy_2_3_0 SpatiallyLoaded:1 Bounds:IsValid=true, Min=(X=0.000 Y=12600.000 Z=-1434.375), Max=(X=12600.000 Y=25200.000 Z=200.000) RuntimeGrid:None EditorOnly:0 RuntimeOnly:0 HLODRelevant:1 ListedInSceneOutliner:1 IsMainWorldOnly:0
 |   |   |- [+] [  2]
 |   |   |   |- Guid:1A71B06E443006AD0D82AAAD1374F933 BaseClass: NativeClass:/Script/Engine.StaticMeshActor Name:StaticMeshActor_UAID_D493900F152B3A3402_1296690623 Label:Plane SpatiallyLoaded:1 Bounds:IsValid=true, Min=(X=-13566.059 Y=-11736.869 Z=-360.188), Max=(X=11433.941 Y=15263.131 Z=-360.188) RuntimeGrid:None EditorOnly:0 RuntimeOnly:0 HLODRelevant:1 ListedInSceneOutliner:1 IsMainWorldOnly:0
 |   |   |- [+] [  3]
 |   |   |   |- Guid:27891887461520103605BCB76F9EA5EF BaseClass: NativeClass:/Script/Landscape.LandscapeStreamingProxy Name:LandscapeStreamingProxy_CP026JJ5H09QHCWF4PCBPZ0Z6_126_1_0_0 Label:LandscapeStreamingProxy_1_0_0 SpatiallyLoaded:1 Bounds:IsValid=true, Min=(X=-12600.000 Y=-25200.000 Z=-242.969), Max=(X=0.000 Y=-12600.000 Z=200.000) RuntimeGrid:None EditorOnly:0 RuntimeOnly:0 HLODRelevant:1 ListedInSceneOutliner:1 IsMainWorldOnly:0
 |   |   |- [+] [  4]
 |   |   |   |- Guid:2C4A997A4D4EA2C231F4D5B8E22FFF17 BaseClass: NativeClass:/Script/Landscape.LandscapeStreamingProxy Name:LandscapeStreamingProxy_CP026JJ5H09QHCWF4PCBPZ0Z6_126_1_3_0 Label:LandscapeStreamingProxy_1_3_0 SpatiallyLoaded:1 Bounds:IsValid=true, Min=(X=-12600.000 Y=12600.000 Z=-1386.719), Max=(X=0.000 Y=25200.000 Z=200.000) RuntimeGrid:None EditorOnly:0 RuntimeOnly:0 HLODRelevant:1 ListedInSceneOutliner:1 IsMainWorldOnly:0
 |   |   |- [+] [  5]
 |   |   |   |- Guid:390C2F9C4DD277B944BD849F5F3DD3F7 BaseClass: NativeClass:/Script/Landscape.LandscapeStreamingProxy Name:LandscapeStreamingProxy_CP026JJ5H09QHCWF4PCBPZ0Z6_126_3_0_0 Label:LandscapeStreamingProxy_3_0_0 SpatiallyLoaded:1 Bounds:IsValid=true, Min=(X=12600.000 Y=-25200.000 Z=0.000), Max=(X=25200.000 Y=-12600.000 Z=200.000) RuntimeGrid:None EditorOnly:0 RuntimeOnly:0 HLODRelevant:1 ListedInSceneOutliner:1 IsMainWorldOnly:0
 |   |   |- [+] [  6]
 |   |   |   |- Guid:404F561742DA9FA502E808AFA2C42136 BaseClass: NativeClass:/Script/Engine.ExponentialHeightFog Name:ExponentialHeightFog_UAID_D493900F152B383402_2145697268 Label:ExponentialHeightFog SpatiallyLoaded:0 Bounds:IsValid=true, Min=(X=0.000 Y=0.000 Z=0.000), Max=(X=0.000 Y=0.000 Z=0.000) RuntimeGrid:None EditorOnly:0 RuntimeOnly:0 HLODRelevant:0 ListedInSceneOutliner:1 IsMainWorldOnly:0
 |   |   |- [+] [  7]
 |   |   |   |- Guid:4E6AB90D4B91F99E8BEB06B96CAC1878 BaseClass: NativeClass:/Script/Landscape.LandscapeStreamingProxy Name:LandscapeStreamingProxy_CP026JJ5H09QHCWF4PCBPZ0Z6_126_0_3_0 Label:LandscapeStreamingProxy_0_3_0 SpatiallyLoaded:1 Bounds:IsValid=true, Min=(X=-25200.000 Y=12600.000 Z=0.000), Max=(X=-12600.000 Y=25200.000 Z=200.000) RuntimeGrid:None EditorOnly:0 RuntimeOnly:0 HLODRelevant:1 ListedInSceneOutliner:1 IsMainWorldOnly:0
 |   |   |- [+] [  8]
 |   |   |   |- Guid:4F5CE7534C7B4084841D1BAB4E30D5AC BaseClass: NativeClass:/Script/Landscape.LandscapeStreamingProxy Name:LandscapeStreamingProxy_CP026JJ5H09QHCWF4PCBPZ0Z6_126_0_1_0 Label:LandscapeStreamingProxy_0_1_0 SpatiallyLoaded:1 Bounds:IsValid=true, Min=(X=-25200.000 Y=-12600.000 Z=-214.062), Max=(X=-12600.000 Y=0.000 Z=200.000) RuntimeGrid:None EditorOnly:0 RuntimeOnly:0 HLODRelevant:1 ListedInSceneOutliner:1 IsMainWorldOnly:0
 |   |   |- [+] [  9]
 |   |   |   |- Guid:526CC8A944C65427FFE612AF8EEDB431 BaseClass: NativeClass:/Script/Engine.VolumetricCloud Name:VolumetricCloud_UAID_D493900F152B383402_2143302266 Label:VolumetricCloud SpatiallyLoaded:0 Bounds:IsValid=true, Min=(X=0.000 Y=0.000 Z=0.000), Max=(X=0.000 Y=0.000 Z=0.000) RuntimeGrid:None EditorOnly:0 RuntimeOnly:0 HLODRelevant:0 ListedInSceneOutliner:1 IsMainWorldOnly:0
 |   |   |- [+] [ 10]
 |   |   |   |- Guid:5801B3514EF549EDC19CC38A3230606F BaseClass: NativeClass:/Script/Landscape.LandscapeStreamingProxy Name:LandscapeStreamingProxy_CP026JJ5H09QHCWF4PCBPZ0Z6_126_0_0_0 Label:LandscapeStreamingProxy_0_0_0 SpatiallyLoaded:1 Bounds:IsValid=true, Min=(X=-25200.000 Y=-25200.000 Z=0.000), Max=(X=-12600.000 Y=-12600.000 Z=200.000) RuntimeGrid:None EditorOnly:0 RuntimeOnly:0 HLODRelevant:1 ListedInSceneOutliner:1 IsMainWorldOnly:0
 |   |   |- [+] [ 11]
 |   |   |   |- Guid:59D77CD64167E3AD9C21BBB690C1DC48 BaseClass: NativeClass:/Script/Engine.PostProcessVolume Name:PostProcessVolume_UAID_D493900F152B393402_1134016445 Label:PostProcessVolume SpatiallyLoaded:0 Bounds:IsValid=true, Min=(X=820.000 Y=0.000 Z=-70.000), Max=(X=1020.000 Y=200.000 Z=130.000) RuntimeGrid:None EditorOnly:0 RuntimeOnly:0 HLODRelevant:0 ListedInSceneOutliner:1 IsMainWorldOnly:0
 |   |   |- [+] [ 12]
 |   |   |   |- Guid:5D94FC634AD0BFFB04A14CB3E7BF7B01 BaseClass: NativeClass:/Script/Engine.SkyLight Name:SkyLight_UAID_D493900F152B383402_2141184264 Label:SkyLight SpatiallyLoaded:0 Bounds:IsValid=true, Min=(X=0.000 Y=0.000 Z=0.000), Max=(X=0.000 Y=0.000 Z=0.000) RuntimeGrid:None EditorOnly:0 RuntimeOnly:0 HLODRelevant:0 ListedInSceneOutliner:1 IsMainWorldOnly:0
 |   |   |- [+] [ 13]
 |   |   |   |- Guid:616C783742C38CC174BFE6AA97CAC1ED BaseClass: NativeClass:/Script/Landscape.LandscapeStreamingProxy Name:LandscapeStreamingProxy_CP026JJ5H09QHCWF4PCBPZ0Z6_126_2_2_0 Label:LandscapeStreamingProxy_2_2_0 SpatiallyLoaded:1 Bounds:IsValid=true, Min=(X=0.000 Y=0.000 Z=-3796.094), Max=(X=12600.000 Y=12600.000 Z=100.000) RuntimeGrid:None EditorOnly:0 RuntimeOnly:0 HLODRelevant:1 ListedInSceneOutliner:1 IsMainWorldOnly:0
 |   |   |- [+] [ 14]
 |   |   |   |- Guid:6F4D3CAE4687381A434018A22E3CCC2B BaseClass: NativeClass:/Script/Landscape.LandscapeStreamingProxy Name:LandscapeStreamingProxy_CP026JJ5H09QHCWF4PCBPZ0Z6_126_1_1_0 Label:LandscapeStreamingProxy_1_1_0 SpatiallyLoaded:1 Bounds:IsValid=true, Min=(X=-12600.000 Y=-12600.000 Z=-4701.562), Max=(X=0.000 Y=0.000 Z=100.000) RuntimeGrid:None EditorOnly:0 RuntimeOnly:0 HLODRelevant:1 ListedInSceneOutliner:1 IsMainWorldOnly:0
 |   |   |- [+] [ 15]
 |   |   |   |- Guid:710B283B432F956032D70283D8F9429A BaseClass: NativeClass:/Script/Landscape.LandscapeStreamingProxy Name:LandscapeStreamingProxy_CP026JJ5H09QHCWF4PCBPZ0Z6_126_0_2_0 Label:LandscapeStreamingProxy_0_2_0 SpatiallyLoaded:1 Bounds:IsValid=true, Min=(X=-25200.000 Y=0.000 Z=-451.562), Max=(X=-12600.000 Y=12600.000 Z=200.000) RuntimeGrid:None EditorOnly:0 RuntimeOnly:0 HLODRelevant:1 ListedInSceneOutliner:1 IsMainWorldOnly:0
 |   |   |- [+] [ 16]
 |   |   |   |- Guid:7A287F0843B582454C0860A65F661387 BaseClass: NativeClass:/Script/Landscape.LandscapeStreamingProxy Name:LandscapeStreamingProxy_CP026JJ5H09QHCWF4PCBPZ0Z6_126_2_1_0 Label:LandscapeStreamingProxy_2_1_0 SpatiallyLoaded:1 Bounds:IsValid=true, Min=(X=0.000 Y=-12600.000 Z=-3749.219), Max=(X=12600.000 Y=0.000 Z=100.000) RuntimeGrid:None EditorOnly:0 RuntimeOnly:0 HLODRelevant:1 ListedInSceneOutliner:1 IsMainWorldOnly:0
 |   |   |- [+] [ 17]
 |   |   |   |- Guid:860C049648E3C1DCDE6F7182E5264E58 BaseClass: NativeClass:/Script/Landscape.LandscapeStreamingProxy Name:LandscapeStreamingProxy_CP026JJ5H09QHCWF4PCBPZ0Z6_126_1_2_0 Label:LandscapeStreamingProxy_1_2_0 SpatiallyLoaded:1 Bounds:IsValid=true, Min=(X=-12600.000 Y=0.000 Z=-3908.594), Max=(X=0.000 Y=12600.000 Z=100.000) RuntimeGrid:None EditorOnly:0 RuntimeOnly:0 HLODRelevant:1 ListedInSceneOutliner:1 IsMainWorldOnly:0
 |   |   |- [+] [ 18]
 |   |   |   |- Guid:9698FAE04D64D57E012FD1B227CA4497 BaseClass: NativeClass:/Script/Landscape.LandscapeStreamingProxy Name:LandscapeStreamingProxy_CP026JJ5H09QHCWF4PCBPZ0Z6_126_2_0_0 Label:LandscapeStreamingProxy_2_0_0 SpatiallyLoaded:1 Bounds:IsValid=true, Min=(X=0.000 Y=-25200.000 Z=0.000), Max=(X=12600.000 Y=-12600.000 Z=200.000) RuntimeGrid:None EditorOnly:0 RuntimeOnly:0 HLODRelevant:1 ListedInSceneOutliner:1 IsMainWorldOnly:0
 |   |   |- [+] [ 19]
 |   |   |   |- Guid:9DEA70C54143F9D0E8BE168D1D84786F BaseClass: NativeClass:/Script/Landscape.LandscapeStreamingProxy Name:LandscapeStreamingProxy_CP026JJ5H09QHCWF4PCBPZ0Z6_126_3_2_0 Label:LandscapeStreamingProxy_3_2_0 SpatiallyLoaded:1 Bounds:IsValid=true, Min=(X=12600.000 Y=0.000 Z=0.000), Max=(X=25200.000 Y=12600.000 Z=200.000) RuntimeGrid:None EditorOnly:0 RuntimeOnly:0 HLODRelevant:1 ListedInSceneOutliner:1 IsMainWorldOnly:0
 |   |   |- [+] [ 20]
 |   |   |   |- Guid:B853C11740F0221E3DF8E69D90F5ABFD BaseClass: NativeClass:/Script/Landscape.LandscapeStreamingProxy Name:LandscapeStreamingProxy_CP026JJ5H09QHCWF4PCBPZ0Z6_126_3_3_0 Label:LandscapeStreamingProxy_3_3_0 SpatiallyLoaded:1 Bounds:IsValid=true, Min=(X=12600.000 Y=12600.000 Z=0.000), Max=(X=25200.000 Y=25200.000 Z=200.000) RuntimeGrid:None EditorOnly:0 RuntimeOnly:0 HLODRelevant:1 ListedInSceneOutliner:1 IsMainWorldOnly:0
 |   |   |- [+] [ 21]
 |   |   |   |- Guid:C54DEB414A334D81732F64BE846BFDC4 BaseClass: NativeClass:/Script/Engine.WorldDataLayers Name:WorldDataLayers Label:WorldDataLayers SpatiallyLoaded:0 Bounds:Invalid RuntimeGrid:None EditorOnly:0 RuntimeOnly:0 HLODRelevant:0 ListedInSceneOutliner:1 IsMainWorldOnly:1
 |   |   |- [+] [ 22]
 |   |   |   |- Guid:DC3A3A114A9B2E4A81B9DDA864D65607 BaseClass: NativeClass:/Script/Engine.DirectionalLight Name:DirectionalLight_UAID_D493900F152B383402_2142104265 Label:DirectionalLight SpatiallyLoaded:0 Bounds:IsValid=true, Min=(X=-4398046511104.000 Y=-4398046511104.000 Z=-4398046511104.000), Max=(X=4398046511104.000 Y=4398046511104.000 Z=4398046511104.000) RuntimeGrid:None EditorOnly:0 RuntimeOnly:0 HLODRelevant:0 ListedInSceneOutliner:1 IsMainWorldOnly:0
 |   |   |- [+] [ 23]
 |   |   |   |- Guid:DE287E32483116C6FA38648BDDE07776 BaseClass: NativeClass:/Script/Landscape.Landscape Name:Landscape_UAID_D493900F152B393402_1324277446 Label:Landscape SpatiallyLoaded:0 Bounds:IsValid=true, Min=(X=-25200.000 Y=-25200.000 Z=100.000), Max=(X=-25200.000 Y=-25200.000 Z=100.000) RuntimeGrid:None EditorOnly:0 RuntimeOnly:0 HLODRelevant:0 ListedInSceneOutliner:1 IsMainWorldOnly:0
 |   |   |- [+] [ 24]
 |   |   |   |- Guid:F85F677346DB65651E85C28041F7A9F4 BaseClass: NativeClass:/Script/Landscape.LandscapeStreamingProxy Name:LandscapeStreamingProxy_CP026JJ5H09QHCWF4PCBPZ0Z6_126_3_1_0 Label:LandscapeStreamingProxy_3_1_0 SpatiallyLoaded:1 Bounds:IsValid=true, Min=(X=12600.000 Y=-12600.000 Z=0.000), Max=(X=25200.000 Y=0.000 Z=200.000) RuntimeGrid:None EditorOnly:0 RuntimeOnly:0 HLODRelevant:1 ListedInSceneOutliner:1 IsMainWorldOnly:0
 |- ContainerInstances:
 |- [+] MainContainer:
 |   |-        ID: 00000000000000000000000000000000
 |   |-  ParentID: 00000000000000000000000000000000
 |   |-    Bounds: IsValid=true, Min=(X=-25200.000 Y=-25200.000 Z=-4701.562), Max=(X=25200.000 Y=25200.000 Z=200.000)
 |   |- Transform: 0.000000,0.000000,0.000000|0.000000,0.000000,-0.000000|1.000000,1.000000,1.000000
 |   |- Container: /Game/Maps/Lago_Hylia
----------------------------------------------------------------------------------------------------------------
Lago_Hylia - Persistent Level
----------------------------------------------------------------------------------------------------------------
[+] Content of Lago_Hylia Persistent Level
 |- Always loaded Actor Count: 32 
 |- Actor Path: /Game/Maps/Lago_Hylia.Lago_Hylia:PersistentLevel.AbstractNavData-Default
 |- Actor Package: /Game/Maps/Lago_Hylia
 |- Actor Path: /Game/Maps/Lago_Hylia.Lago_Hylia:PersistentLevel.Brush_0
 |- Actor Package: /Game/Maps/Lago_Hylia
 |- Actor Path: /Game/Maps/Lago_Hylia.Lago_Hylia:PersistentLevel.DefaultPhysicsVolume_0
 |- Actor Package: /Game/Maps/Lago_Hylia
 |- Actor Path: /Game/Maps/Lago_Hylia.Lago_Hylia:PersistentLevel.DirectionalLight_UAID_D493900F152B383402_2142104265
 |- Actor Package: /Game/__ExternalActors__/Maps/Lago_Hylia/5/NF/09QKT9SZWM3K9EADET8KG1
 |- Actor Path: /Game/Maps/Lago_Hylia.Lago_Hylia:PersistentLevel.ExponentialHeightFog_UAID_D493900F152B383402_2145697268
 |- Actor Package: /Game/__ExternalActors__/Maps/Lago_Hylia/A/DY/RKDHU5X7VXEE7NJCTC2YON
 |- Actor Path: /Game/Maps/Lago_Hylia.Lago_Hylia:PersistentLevel.GameplayDebuggerPlayerManager_0
 |- Actor Package: /Game/Maps/Lago_Hylia
 |- Actor Path: /Game/Maps/Lago_Hylia.Lago_Hylia:PersistentLevel.Landscape_UAID_D493900F152B393402_1324277446
 |- Actor Package: /Game/__ExternalActors__/Maps/Lago_Hylia/6/X2/GMKQRGPBB6LDDD77XATS14
 |- Actor Path: /Game/Maps/Lago_Hylia.Lago_Hylia:PersistentLevel.LandscapeGizmoActiveActor_0
 |- Actor Package: /Game/Maps/Lago_Hylia
 |- Actor Path: /Game/Maps/Lago_Hylia.Lago_Hylia:PersistentLevel.LandscapeStreamingProxy_CP026JJ5H09QHCWF4PCBPZ0Z6_126_0_0_0
 |- Actor Package: /Game/__ExternalActors__/Maps/Lago_Hylia/9/D4/SESZI5FAX2W7XF0NRUH7QJ
 |- Actor Path: /Game/Maps/Lago_Hylia.Lago_Hylia:PersistentLevel.LandscapeStreamingProxy_CP026JJ5H09QHCWF4PCBPZ0Z6_126_0_1_0
 |- Actor Package: /Game/__ExternalActors__/Maps/Lago_Hylia/5/MI/Z74RN5I02BXW64VF0NL6VY
 |- Actor Path: /Game/Maps/Lago_Hylia.Lago_Hylia:PersistentLevel.LandscapeStreamingProxy_CP026JJ5H09QHCWF4PCBPZ0Z6_126_0_2_0
 |- Actor Package: /Game/__ExternalActors__/Maps/Lago_Hylia/D/LU/F59BODLXOAIZ1VR3PZTN4N
 |- Actor Path: /Game/Maps/Lago_Hylia.Lago_Hylia:PersistentLevel.LandscapeStreamingProxy_CP026JJ5H09QHCWF4PCBPZ0Z6_126_0_3_0
 |- Actor Package: /Game/__ExternalActors__/Maps/Lago_Hylia/4/NN/G32A5SL7PMGK144Q48WVFM
 |- Actor Path: /Game/Maps/Lago_Hylia.Lago_Hylia:PersistentLevel.LandscapeStreamingProxy_CP026JJ5H09QHCWF4PCBPZ0Z6_126_1_0_0
 |- Actor Package: /Game/__ExternalActors__/Maps/Lago_Hylia/D/6G/5RYYK735LH5Z6Q16Y0N0X1
 |- Actor Path: /Game/Maps/Lago_Hylia.Lago_Hylia:PersistentLevel.LandscapeStreamingProxy_CP026JJ5H09QHCWF4PCBPZ0Z6_126_1_1_0
 |- Actor Package: /Game/__ExternalActors__/Maps/Lago_Hylia/2/3Z/MHQEAFFPUSALWDN3CSYNRR
 |- Actor Path: /Game/Maps/Lago_Hylia.Lago_Hylia:PersistentLevel.LandscapeStreamingProxy_CP026JJ5H09QHCWF4PCBPZ0Z6_126_1_2_0
 |- Actor Package: /Game/__ExternalActors__/Maps/Lago_Hylia/3/UB/4CKC1BU7784BODB5Q9K38D
 |- Actor Path: /Game/Maps/Lago_Hylia.Lago_Hylia:PersistentLevel.LandscapeStreamingProxy_CP026JJ5H09QHCWF4PCBPZ0Z6_126_1_3_0
 |- Actor Package: /Game/__ExternalActors__/Maps/Lago_Hylia/D/PS/KOX7PDFVDGNGZPZFW3R166
 |- Actor Path: /Game/Maps/Lago_Hylia.Lago_Hylia:PersistentLevel.LandscapeStreamingProxy_CP026JJ5H09QHCWF4PCBPZ0Z6_126_2_0_0
 |- Actor Package: /Game/__ExternalActors__/Maps/Lago_Hylia/E/3H/LSRGJXB0ZM1LM1NEXZ0T2P
 |- Actor Path: /Game/Maps/Lago_Hylia.Lago_Hylia:PersistentLevel.LandscapeStreamingProxy_CP026JJ5H09QHCWF4PCBPZ0Z6_126_2_1_0
 |- Actor Package: /Game/__ExternalActors__/Maps/Lago_Hylia/E/35/HB4V0W7K35CNFOS4Y4958U
 |- Actor Path: /Game/Maps/Lago_Hylia.Lago_Hylia:PersistentLevel.LandscapeStreamingProxy_CP026JJ5H09QHCWF4PCBPZ0Z6_126_2_2_0
 |- Actor Package: /Game/__ExternalActors__/Maps/Lago_Hylia/7/24/5XY5U5WBK6OE6T5Z0FUGA8
 |- Actor Path: /Game/Maps/Lago_Hylia.Lago_Hylia:PersistentLevel.LandscapeStreamingProxy_CP026JJ5H09QHCWF4PCBPZ0Z6_126_2_3_0
 |- Actor Package: /Game/__ExternalActors__/Maps/Lago_Hylia/C/CN/OOEB1Z3QTHUIIAAWL80IJ2
 |- Actor Path: /Game/Maps/Lago_Hylia.Lago_Hylia:PersistentLevel.LandscapeStreamingProxy_CP026JJ5H09QHCWF4PCBPZ0Z6_126_3_0_0
 |- Actor Package: /Game/__ExternalActors__/Maps/Lago_Hylia/8/PT/MVFH4IA9RQKNXD2UTFLKUD
 |- Actor Path: /Game/Maps/Lago_Hylia.Lago_Hylia:PersistentLevel.LandscapeStreamingProxy_CP026JJ5H09QHCWF4PCBPZ0Z6_126_3_1_0
 |- Actor Package: /Game/__ExternalActors__/Maps/Lago_Hylia/A/M1/CTNLDLU6AD0OVXHSR80J22
 |- Actor Path: /Game/Maps/Lago_Hylia.Lago_Hylia:PersistentLevel.LandscapeStreamingProxy_CP026JJ5H09QHCWF4PCBPZ0Z6_126_3_2_0
 |- Actor Package: /Game/__ExternalActors__/Maps/Lago_Hylia/1/UM/OAGPLADVUEELAP1EKJ3SLO
 |- Actor Path: /Game/Maps/Lago_Hylia.Lago_Hylia:PersistentLevel.LandscapeStreamingProxy_CP026JJ5H09QHCWF4PCBPZ0Z6_126_3_3_0
 |- Actor Package: /Game/__ExternalActors__/Maps/Lago_Hylia/9/WO/C4LL6D5XYOIWQHE1AJGTDS
 |- Actor Path: /Game/Maps/Lago_Hylia.Lago_Hylia:PersistentLevel.PostProcessVolume_UAID_D493900F152B393402_1134016445
 |- Actor Package: /Game/__ExternalActors__/Maps/Lago_Hylia/6/9Q/CTL51I2KY7FF4OZ3RK1R0A
 |- Actor Path: /Game/Maps/Lago_Hylia.Lago_Hylia:PersistentLevel.SkyAtmosphere_UAID_D493900F152B383402_2144226267
 |- Actor Package: /Game/__ExternalActors__/Maps/Lago_Hylia/1/BI/0NJYHTKI1IMYPH1EB1I2G7
 |- Actor Path: /Game/Maps/Lago_Hylia.Lago_Hylia:PersistentLevel.SkyLight_UAID_D493900F152B383402_2141184264
 |- Actor Package: /Game/__ExternalActors__/Maps/Lago_Hylia/9/UF/R2X2HRGVGRTI1NAGU7WDKN
 |- Actor Path: /Game/Maps/Lago_Hylia.Lago_Hylia:PersistentLevel.StaticMeshActor_UAID_D493900F152B3A3402_1296690623
 |- Actor Package: /Game/__ExternalActors__/Maps/Lago_Hylia/5/6C/3WPXT9VZSNHZOU8ISES7MM
 |- Actor Path: /Game/Maps/Lago_Hylia.Lago_Hylia:PersistentLevel.VolumetricCloud_UAID_D493900F152B383402_2143302266
 |- Actor Package: /Game/__ExternalActors__/Maps/Lago_Hylia/6/YC/GZ9ZGDRIE2TPNT2N4PS9Z0
 |- Actor Path: /Game/Maps/Lago_Hylia.Lago_Hylia:PersistentLevel.WorldDataLayers
 |- Actor Package: /Game/__ExternalActors__/Maps/Lago_Hylia/B/8N/VJ7RH0CEH1MKIDDB9COAGC
 |- Actor Path: /Game/Maps/Lago_Hylia.Lago_Hylia:PersistentLevel.WorldPartitionMiniMap_UAID_D493900F152B383402_1994194263
 |- Actor Package: /Game/__ExternalActors__/Maps/Lago_Hylia/4/A9/B83DL2TOBUZJL1KC51OM47
 |- Actor Path: /Game/Maps/Lago_Hylia.Lago_Hylia:PersistentLevel.WorldSettings
 |- Actor Package: /Game/Maps/Lago_Hylia

----------------------------------------------------------------------------------------------------------------
Lago_Hylia - Runtime Spatial Hash - Streaming Grid - MainGrid
----------------------------------------------------------------------------------------------------------------
            Origin: X=0.000 Y=0.000 Z=0.000
         Cell Size: 12800
      World Bounds: IsValid=true, Min=(X=-25200.000 Y=-25200.000 Z=-4701.562), Max=(X=25200.000 Y=25200.000 Z=200.000)
     Loading Range: 25600.00
Block Slow Loading: No
 ClientOnlyVisible: No
            Origin: X=0.000 Y=0.000 Z=0.000

[+] Grid Levels: 3
 |- Level  0: Cell Count    9 | Cell Size   12800 | Actor Count   16 (100.0%)
 |- Level  1: Cell Count    0 | Cell Size   25600 | Actor Count    0 (0.0%)
 |- Level  2: Cell Count    0 | Cell Size   51200 | Actor Count    0 (0.0%)

[+] Content of Grid Level 0
 |- [+] Content of Cell Lago_Hylia_MainGrid_L0_X1_Y-1 (0KTUGUHEYMW9GDN0GBB4DHUVS)
 |   |- Actor Count: 1
 |   |-          Actor Path: /Game/Maps/Lago_Hylia.Lago_Hylia:PersistentLevel.LandscapeStreamingProxy_CP026JJ5H09QHCWF4PCBPZ0Z6_126_3_0_0
 |   |-       Actor Package: /Game/__ExternalActors__/Maps/Lago_Hylia/8/PT/MVFH4IA9RQKNXD2UTFLKUD
 |   |- Actor Instance Guid: 390C2F9C4DD277B944BD849F5F3DD3F7
 |- [+] Content of Cell Lago_Hylia_MainGrid_L0_X-1_Y1 (1FMPST5K25LZ2DK1YICV3JZII)
 |   |- Actor Count: 1
 |   |-          Actor Path: /Game/Maps/Lago_Hylia.Lago_Hylia:PersistentLevel.LandscapeStreamingProxy_CP026JJ5H09QHCWF4PCBPZ0Z6_126_0_3_0
 |   |-       Actor Package: /Game/__ExternalActors__/Maps/Lago_Hylia/4/NN/G32A5SL7PMGK144Q48WVFM
 |   |- Actor Instance Guid: 4E6AB90D4B91F99E8BEB06B96CAC1878
 |- [+] Content of Cell Lago_Hylia_MainGrid_L0_X0_Y-1 (1SQIPWSGD3QQ4N8T97QNS63S2)
 |   |- Actor Count: 2
 |   |-          Actor Path: /Game/Maps/Lago_Hylia.Lago_Hylia:PersistentLevel.LandscapeStreamingProxy_CP026JJ5H09QHCWF4PCBPZ0Z6_126_1_0_0
 |   |-       Actor Package: /Game/__ExternalActors__/Maps/Lago_Hylia/D/6G/5RYYK735LH5Z6Q16Y0N0X1
 |   |- Actor Instance Guid: 27891887461520103605BCB76F9EA5EF
 |   |-          Actor Path: /Game/Maps/Lago_Hylia.Lago_Hylia:PersistentLevel.LandscapeStreamingProxy_CP026JJ5H09QHCWF4PCBPZ0Z6_126_2_0_0
 |   |-       Actor Package: /Game/__ExternalActors__/Maps/Lago_Hylia/E/3H/LSRGJXB0ZM1LM1NEXZ0T2P
 |   |- Actor Instance Guid: 9698FAE04D64D57E012FD1B227CA4497
 |- [+] Content of Cell Lago_Hylia_MainGrid_L0_X1_Y1 (336W2R65QBCQG2UW70EF9RLE1)
 |   |- Actor Count: 1
 |   |-          Actor Path: /Game/Maps/Lago_Hylia.Lago_Hylia:PersistentLevel.LandscapeStreamingProxy_CP026JJ5H09QHCWF4PCBPZ0Z6_126_3_3_0
 |   |-       Actor Package: /Game/__ExternalActors__/Maps/Lago_Hylia/9/WO/C4LL6D5XYOIWQHE1AJGTDS
 |   |- Actor Instance Guid: B853C11740F0221E3DF8E69D90F5ABFD
 |- [+] Content of Cell Lago_Hylia_MainGrid_L0_X0_Y0 (3M1PWBFW6R4DTT9YVYC7U7VA2)
 |   |- Actor Count: 4
 |   |-          Actor Path: /Game/Maps/Lago_Hylia.Lago_Hylia:PersistentLevel.LandscapeStreamingProxy_CP026JJ5H09QHCWF4PCBPZ0Z6_126_2_2_0
 |   |-       Actor Package: /Game/__ExternalActors__/Maps/Lago_Hylia/7/24/5XY5U5WBK6OE6T5Z0FUGA8
 |   |- Actor Instance Guid: 616C783742C38CC174BFE6AA97CAC1ED
 |   |-          Actor Path: /Game/Maps/Lago_Hylia.Lago_Hylia:PersistentLevel.LandscapeStreamingProxy_CP026JJ5H09QHCWF4PCBPZ0Z6_126_1_1_0
 |   |-       Actor Package: /Game/__ExternalActors__/Maps/Lago_Hylia/2/3Z/MHQEAFFPUSALWDN3CSYNRR
 |   |- Actor Instance Guid: 6F4D3CAE4687381A434018A22E3CCC2B
 |   |-          Actor Path: /Game/Maps/Lago_Hylia.Lago_Hylia:PersistentLevel.LandscapeStreamingProxy_CP026JJ5H09QHCWF4PCBPZ0Z6_126_2_1_0
 |   |-       Actor Package: /Game/__ExternalActors__/Maps/Lago_Hylia/E/35/HB4V0W7K35CNFOS4Y4958U
 |   |- Actor Instance Guid: 7A287F0843B582454C0860A65F661387
 |   |-          Actor Path: /Game/Maps/Lago_Hylia.Lago_Hylia:PersistentLevel.LandscapeStreamingProxy_CP026JJ5H09QHCWF4PCBPZ0Z6_126_1_2_0
 |   |-       Actor Package: /Game/__ExternalActors__/Maps/Lago_Hylia/3/UB/4CKC1BU7784BODB5Q9K38D
 |   |- Actor Instance Guid: 860C049648E3C1DCDE6F7182E5264E58
 |- [+] Content of Cell Lago_Hylia_MainGrid_L0_X0_Y1 (5EYGGELPQQW6OWZGSJGN9ZABE)
 |   |- Actor Count: 2
 |   |-          Actor Path: /Game/Maps/Lago_Hylia.Lago_Hylia:PersistentLevel.LandscapeStreamingProxy_CP026JJ5H09QHCWF4PCBPZ0Z6_126_2_3_0
 |   |-       Actor Package: /Game/__ExternalActors__/Maps/Lago_Hylia/C/CN/OOEB1Z3QTHUIIAAWL80IJ2
 |   |- Actor Instance Guid: 07D2C0104D0F1893F92F9D9547B249CA
 |   |-          Actor Path: /Game/Maps/Lago_Hylia.Lago_Hylia:PersistentLevel.LandscapeStreamingProxy_CP026JJ5H09QHCWF4PCBPZ0Z6_126_1_3_0
 |   |-       Actor Package: /Game/__ExternalActors__/Maps/Lago_Hylia/D/PS/KOX7PDFVDGNGZPZFW3R166
 |   |- Actor Instance Guid: 2C4A997A4D4EA2C231F4D5B8E22FFF17
 |- [+] Content of Cell Lago_Hylia_MainGrid_L0_X-1_Y0 (7ITL7NDT02YAV14N3AMRXMT7O)
 |   |- Actor Count: 2
 |   |-          Actor Path: /Game/Maps/Lago_Hylia.Lago_Hylia:PersistentLevel.LandscapeStreamingProxy_CP026JJ5H09QHCWF4PCBPZ0Z6_126_0_1_0
 |   |-       Actor Package: /Game/__ExternalActors__/Maps/Lago_Hylia/5/MI/Z74RN5I02BXW64VF0NL6VY
 |   |- Actor Instance Guid: 4F5CE7534C7B4084841D1BAB4E30D5AC
 |   |-          Actor Path: /Game/Maps/Lago_Hylia.Lago_Hylia:PersistentLevel.LandscapeStreamingProxy_CP026JJ5H09QHCWF4PCBPZ0Z6_126_0_2_0
 |   |-       Actor Package: /Game/__ExternalActors__/Maps/Lago_Hylia/D/LU/F59BODLXOAIZ1VR3PZTN4N
 |   |- Actor Instance Guid: 710B283B432F956032D70283D8F9429A
 |- [+] Content of Cell Lago_Hylia_MainGrid_L0_X-1_Y-1 (E32VTSMY6EAB7KGYASD0V8DXY)
 |   |- Actor Count: 1
 |   |-          Actor Path: /Game/Maps/Lago_Hylia.Lago_Hylia:PersistentLevel.LandscapeStreamingProxy_CP026JJ5H09QHCWF4PCBPZ0Z6_126_0_0_0
 |   |-       Actor Package: /Game/__ExternalActors__/Maps/Lago_Hylia/9/D4/SESZI5FAX2W7XF0NRUH7QJ
 |   |- Actor Instance Guid: 5801B3514EF549EDC19CC38A3230606F
 |- [+] Content of Cell Lago_Hylia_MainGrid_L0_X1_Y0 (EQXUHGN0GAVZFCL32MNWD6YSG)
 |   |- Actor Count: 2
 |   |-          Actor Path: /Game/Maps/Lago_Hylia.Lago_Hylia:PersistentLevel.LandscapeStreamingProxy_CP026JJ5H09QHCWF4PCBPZ0Z6_126_3_2_0
 |   |-       Actor Package: /Game/__ExternalActors__/Maps/Lago_Hylia/1/UM/OAGPLADVUEELAP1EKJ3SLO
 |   |- Actor Instance Guid: 9DEA70C54143F9D0E8BE168D1D84786F
 |   |-          Actor Path: /Game/Maps/Lago_Hylia.Lago_Hylia:PersistentLevel.LandscapeStreamingProxy_CP026JJ5H09QHCWF4PCBPZ0Z6_126_3_1_0
 |   |-       Actor Package: /Game/__ExternalActors__/Maps/Lago_Hylia/A/M1/CTNLDLU6AD0OVXHSR80J22
 |   |- Actor Instance Guid: F85F677346DB65651E85C28041F7A9F4
[+] Content of Grid Level 1
[+] Content of Grid Level 2

